<?xml version="1.0" encoding="UTF-8"?>
<testng-results ignored="0" total="1" passed="1" failed="0" skipped="0">
  <reporter-output>
  </reporter-output>
  <suite started-at="2023-02-20T18:38:52 CST" name="Default suite" finished-at="2023-02-20T18:39:00 CST" duration-ms="7665">
    <groups>
    </groups>
    <test started-at="2023-02-20T18:38:52 CST" name="Default test" finished-at="2023-02-20T18:39:00 CST" duration-ms="7665">
      <class name="test.LoginTest">
        <test-method signature="UserSValidation()[pri:0, instance:test.LoginTest@7690781]" started-at="2023-02-20T18:38:52 CST" name="UserSValidation" finished-at="2023-02-20T18:39:00 CST" duration-ms="7626" status="PASS">
          <reporter-output>
          </reporter-output>
        </test-method> <!-- UserSValidation -->
      </class> <!-- test.LoginTest -->
    </test> <!-- Default test -->
  </suite> <!-- Default suite -->
</testng-results>
